[2020-02-10 10:05:15] local.INFO: array (
  'facility_id' => '5185a607-8b96-4672-a191-e99a6d154cdc',
  'product_id' => 'dc26fb27-4d06-4c28-b984-48d3b1a6933b',
  'barcode' => 'xxcdcscsc',
  'qty' => '10',
  'store_id' => 'xwxwx',
)  
[2020-02-10 10:27:17] local.INFO: array (
  'barcode' => '7891000071823',
  'facility_id' => '5185a607-8b96-4672-a191-e99a6d154cdc',
)  
[2020-02-10 10:27:17] local.INFO: Wrong Barcode Trying to fetch Item  
[2020-02-10 10:28:53] local.ERROR: Undefined offset: 413 {"exception":"[object] (ErrorException(code: 0): Undefined offset: 413 at /var/www/html/laravel/afyatele_amref/app/Exceptions/Handler.php:66)
[stacktrace]
#0 /var/www/html/laravel/afyatele_amref/app/Exceptions/Handler.php(66): Illuminate\\Foundation\\Bootstrap\\HandleExceptions->handleError(8, 'Undefined offse...', '/var/www/html/l...', 66, Array)
#1 /var/www/html/laravel/afyatele_amref/vendor/laravel/framework/src/Illuminate/Routing/Pipeline.php(83): App\\Exceptions\\Handler->render(Object(Illuminate\\Http\\Request), Object(Illuminate\\Http\\Exceptions\\PostTooLargeException))
#2 /var/www/html/laravel/afyatele_amref/vendor/laravel/framework/src/Illuminate/Routing/Pipeline.php(55): Illuminate\\Routing\\Pipeline->handleException(Object(Illuminate\\Http\\Request), Object(Illuminate\\Http\\Exceptions\\PostTooLargeException))
#3 /var/www/html/laravel/afyatele_amref/vendor/laravel/framework/src/Illuminate/Foundation/Http/Middleware/CheckForMaintenanceMode.php(62): Illuminate\\Routing\\Pipeline->Illuminate\\Routing\\{closure}(Object(Illuminate\\Http\\Request))
#4 /var/www/html/laravel/afyatele_amref/vendor/laravel/framework/src/Illuminate/Pipeline/Pipeline.php(151): Illuminate\\Foundation\\Http\\Middleware\\CheckForMaintenanceMode->handle(Object(Illuminate\\Http\\Request), Object(Closure))
#5 /var/www/html/laravel/afyatele_amref/vendor/laravel/framework/src/Illuminate/Routing/Pipeline.php(53): Illuminate\\Pipeline\\Pipeline->Illuminate\\Pipeline\\{closure}(Object(Illuminate\\Http\\Request))
#6 /var/www/html/laravel/afyatele_amref/vendor/barryvdh/laravel-cors/src/HandlePreflight.php(29): Illuminate\\Routing\\Pipeline->Illuminate\\Routing\\{closure}(Object(Illuminate\\Http\\Request))
#7 /var/www/html/laravel/afyatele_amref/vendor/laravel/framework/src/Illuminate/Pipeline/Pipeline.php(151): Barryvdh\\Cors\\HandlePreflight->handle(Object(Illuminate\\Http\\Request), Object(Closure))
#8 /var/www/html/laravel/afyatele_amref/vendor/laravel/framework/src/Illuminate/Routing/Pipeline.php(53): Illuminate\\Pipeline\\Pipeline->Illuminate\\Pipeline\\{closure}(Object(Illuminate\\Http\\Request))
#9 /var/www/html/laravel/afyatele_amref/vendor/laravel/framework/src/Illuminate/Pipeline/Pipeline.php(104): Illuminate\\Routing\\Pipeline->Illuminate\\Routing\\{closure}(Object(Illuminate\\Http\\Request))
#10 /var/www/html/laravel/afyatele_amref/vendor/laravel/framework/src/Illuminate/Foundation/Http/Kernel.php(151): Illuminate\\Pipeline\\Pipeline->then(Object(Closure))
#11 /var/www/html/laravel/afyatele_amref/vendor/laravel/framework/src/Illuminate/Foundation/Http/Kernel.php(116): Illuminate\\Foundation\\Http\\Kernel->sendRequestThroughRouter(Object(Illuminate\\Http\\Request))
#12 /var/www/html/laravel/afyatele_amref/public/index.php(55): Illuminate\\Foundation\\Http\\Kernel->handle(Object(Illuminate\\Http\\Request))
#13 {main}
"} 
[2020-02-10 11:16:04] local.INFO: array (
)  
[2020-02-10 11:16:22] local.INFO: array (
  'barcode' => '12121212121',
)  
[2020-02-10 11:16:22] local.INFO: Wrong Barcode Trying to fetch Item  
[2020-02-10 11:17:45] local.INFO: array (
  'barcode' => '7891000071823',
)  
[2020-02-10 11:17:45] local.INFO: Wrong Barcode Trying to fetch Item  
[2020-02-10 11:18:44] local.INFO: array (
  'barcode' => '7891000071823',
)  
[2020-02-10 11:18:44] local.INFO: Wrong Barcode Trying to fetch Item  
[2020-02-10 11:25:19] local.INFO: array (
  'barcode' => '7891000071823',
)  
[2020-02-10 11:25:19] local.INFO: Wrong Barcode Trying to fetch Item  
[2020-02-10 11:27:54] local.INFO: array (
  'barcode' => '7891000071823',
)  
[2020-02-10 11:27:54] local.INFO: PDOException: SQLSTATE[42S02]: Base table or view not found: 1146 Table 'tele_consult.practice_product_items' doesn't exist in /var/www/html/laravel/afyatele_amref/vendor/laravel/framework/src/Illuminate/Database/Connection.php:326
Stack trace:
#0 /var/www/html/laravel/afyatele_amref/vendor/laravel/framework/src/Illuminate/Database/Connection.php(326): PDO->prepare('select * from `...')
#1 /var/www/html/laravel/afyatele_amref/vendor/laravel/framework/src/Illuminate/Database/Connection.php(657): Illuminate\Database\Connection->Illuminate\Database\{closure}('select * from `...', Array)
#2 /var/www/html/laravel/afyatele_amref/vendor/laravel/framework/src/Illuminate/Database/Connection.php(624): Illuminate\Database\Connection->runQueryCallback('select * from `...', Array, Object(Closure))
#3 /var/www/html/laravel/afyatele_amref/vendor/laravel/framework/src/Illuminate/Database/Connection.php(333): Illuminate\Database\Connection->run('select * from `...', Array, Object(Closure))
#4 /var/www/html/laravel/afyatele_amref/vendor/laravel/framework/src/Illuminate/Database/Query/Builder.php(2062): Illuminate\Database\Connection->select('select * from `...', Array, true)
#5 /var/www/html/laravel/afyatele_amref/vendor/laravel/framework/src/Illuminate/Database/Query/Builder.php(2050): Illuminate\Database\Query\Builder->runSelect()
#6 /var/www/html/laravel/afyatele_amref/vendor/laravel/framework/src/Illuminate/Database/Query/Builder.php(2536): Illuminate\Database\Query\Builder->Illuminate\Database\Query\{closure}()
#7 /var/www/html/laravel/afyatele_amref/vendor/laravel/framework/src/Illuminate/Database/Query/Builder.php(2051): Illuminate\Database\Query\Builder->onceWithColumns(Array, Object(Closure))
#8 /var/www/html/laravel/afyatele_amref/vendor/laravel/framework/src/Illuminate/Database/Eloquent/Builder.php(516): Illuminate\Database\Query\Builder->get(Array)
#9 /var/www/html/laravel/afyatele_amref/vendor/laravel/framework/src/Illuminate/Database/Eloquent/Builder.php(500): Illuminate\Database\Eloquent\Builder->getModels(Array)
#10 /var/www/html/laravel/afyatele_amref/vendor/laravel/framework/src/Illuminate/Database/Eloquent/Relations/Relation.php(155): Illuminate\Database\Eloquent\Builder->get(Array)
#11 /var/www/html/laravel/afyatele_amref/app/Http/Controllers/Api/Product/Stocks/StockController.php(363): Illuminate\Database\Eloquent\Relations\Relation->get()
#12 [internal function]: App\Http\Controllers\Api\Product\Stocks\StockController->barcode(Object(Illuminate\Http\Request))
#13 /var/www/html/laravel/afyatele_amref/vendor/laravel/framework/src/Illuminate/Routing/Controller.php(54): call_user_func_array(Array, Array)
#14 /var/www/html/laravel/afyatele_amref/vendor/laravel/framework/src/Illuminate/Routing/ControllerDispatcher.php(45): Illuminate\Routing\Controller->callAction('barcode', Array)
#15 /var/www/html/laravel/afyatele_amref/vendor/laravel/framework/src/Illuminate/Routing/Route.php(212): Illuminate\Routing\ControllerDispatcher->dispatch(Object(Illuminate\Routing\Route), Object(App\Http\Controllers\Api\Product\Stocks\StockController), 'barcode')
#16 /var/www/html/laravel/afyatele_amref/vendor/laravel/framework/src/Illuminate/Routing/Route.php(169): Illuminate\Routing\Route->runController()
#17 /var/www/html/laravel/afyatele_amref/vendor/laravel/framework/src/Illuminate/Routing/Router.php(682): Illuminate\Routing\Route->run()
#18 /var/www/html/laravel/afyatele_amref/vendor/laravel/framework/src/Illuminate/Routing/Pipeline.php(30): Illuminate\Routing\Router->Illuminate\Routing\{closure}(Object(Illuminate\Http\Request))
#19 /var/www/html/laravel/afyatele_amref/app/Http/Middleware/OriginCors.php(18): Illuminate\Routing\Pipeline->Illuminate\Routing\{closure}(Object(Illuminate\Http\Request))
#20 /var/www/html/laravel/afyatele_amref/vendor/laravel/framework/src/Illuminate/Pipeline/Pipeline.php(151): App\Http\Middleware\OriginCors->handle(Object(Illuminate\Http\Request), Object(Closure))
#21 /var/www/html/laravel/afyatele_amref/vendor/laravel/framework/src/Illuminate/Routing/Pipeline.php(53): Illuminate\Pipeline\Pipeline->Illuminate\Pipeline\{closure}(Object(Illuminate\Http\Request))
#22 /var/www/html/laravel/afyatele_amref/vendor/laravel/framework/src/Illuminate/Routing/Middleware/SubstituteBindings.php(41): Illuminate\Routing\Pipeline->Illuminate\Routing\{closure}(Object(Illuminate\Http\Request))
#23 /var/www/html/laravel/afyatele_amref/vendor/laravel/framework/src/Illuminate/Pipeline/Pipeline.php(151): Illuminate\Routing\Middleware\SubstituteBindings->handle(Object(Illuminate\Http\Request), Object(Closure))
#24 /var/www/html/laravel/afyatele_amref/vendor/laravel/framework/src/Illuminate/Routing/Pipeline.php(53): Illuminate\Pipeline\Pipeline->Illuminate\Pipeline\{closure}(Object(Illuminate\Http\Request))
#25 /var/www/html/laravel/afyatele_amref/vendor/laravel/framework/src/Illuminate/Auth/Middleware/Authenticate.php(43): Illuminate\Routing\Pipeline->Illuminate\Routing\{closure}(Object(Illuminate\Http\Request))
#26 /var/www/html/laravel/afyatele_amref/vendor/laravel/framework/src/Illuminate/Pipeline/Pipeline.php(151): Illuminate\Auth\Middleware\Authenticate->handle(Object(Illuminate\Http\Request), Object(Closure), 'api')
#27 /var/www/html/laravel/afyatele_amref/vendor/laravel/framework/src/Illuminate/Routing/Pipeline.php(53): Illuminate\Pipeline\Pipeline->Illuminate\Pipeline\{closure}(Object(Illuminate\Http\Request))
#28 /var/www/html/laravel/afyatele_amref/vendor/laravel/framework/src/Illuminate/Routing/Middleware/ThrottleRequests.php(58): Illuminate\Routing\Pipeline->Illuminate\Routing\{closure}(Object(Illuminate\Http\Request))
#29 /var/www/html/laravel/afyatele_amref/vendor/laravel/framework/src/Illuminate/Pipeline/Pipeline.php(151): Illuminate\Routing\Middleware\ThrottleRequests->handle(Object(Illuminate\Http\Request), Object(Closure), 60, '1')
#30 /var/www/html/laravel/afyatele_amref/vendor/laravel/framework/src/Illuminate/Routing/Pipeline.php(53): Illuminate\Pipeline\Pipeline->Illuminate\Pipeline\{closure}(Object(Illuminate\Http\Request))
#31 /var/www/html/laravel/afyatele_amref/vendor/laravel/framework/src/Illuminate/Pipeline/Pipeline.php(104): Illuminate\Routing\Pipeline->Illuminate\Routing\{closure}(Object(Illuminate\Http\Request))
#32 /var/www/html/laravel/afyatele_amref/vendor/laravel/framework/src/Illuminate/Routing/Router.php(684): Illuminate\Pipeline\Pipeline->then(Object(Closure))
#33 /var/www/html/laravel/afyatele_amref/vendor/laravel/framework/src/Illuminate/Routing/Router.php(659): Illuminate\Routing\Router->runRouteWithinStack(Object(Illuminate\Routing\Route), Object(Illuminate\Http\Request))
#34 /var/www/html/laravel/afyatele_amref/vendor/laravel/framework/src/Illuminate/Routing/Router.php(625): Illuminate\Routing\Router->runRoute(Object(Illuminate\Http\Request), Object(Illuminate\Routing\Route))
#35 /var/www/html/laravel/afyatele_amref/vendor/laravel/framework/src/Illuminate/Routing/Router.php(614): Illuminate\Routing\Router->dispatchToRoute(Object(Illuminate\Http\Request))
#36 /var/www/html/laravel/afyatele_amref/vendor/laravel/framework/src/Illuminate/Foundation/Http/Kernel.php(176): Illuminate\Routing\Router->dispatch(Object(Illuminate\Http\Request))
#37 /var/www/html/laravel/afyatele_amref/vendor/laravel/framework/src/Illuminate/Routing/Pipeline.php(30): Illuminate\Foundation\Http\Kernel->Illuminate\Foundation\Http\{closure}(Object(Illuminate\Http\Request))
#38 /var/www/html/laravel/afyatele_amref/app/Http/Middleware/OriginCors.php(18): Illuminate\Routing\Pipeline->Illuminate\Routing\{closure}(Object(Illuminate\Http\Request))
#39 /var/www/html/laravel/afyatele_amref/vendor/laravel/framework/src/Illuminate/Pipeline/Pipeline.php(151): App\Http\Middleware\OriginCors->handle(Object(Illuminate\Http\Request), Object(Closure))
#40 /var/www/html/laravel/afyatele_amref/vendor/laravel/framework/src/Illuminate/Routing/Pipeline.php(53): Illuminate\Pipeline\Pipeline->Illuminate\Pipeline\{closure}(Object(Illuminate\Http\Request))
#41 /var/www/html/laravel/afyatele_amref/vendor/fideloper/proxy/src/TrustProxies.php(57): Illuminate\Routing\Pipeline->Illuminate\Routing\{closure}(Object(Illuminate\Http\Request))
#42 /var/www/html/laravel/afyatele_amref/vendor/laravel/framework/src/Illuminate/Pipeline/Pipeline.php(151): Fideloper\Proxy\TrustProxies->handle(Object(Illuminate\Http\Request), Object(Closure))
#43 /var/www/html/laravel/afyatele_amref/vendor/laravel/framework/src/Illuminate/Routing/Pipeline.php(53): Illuminate\Pipeline\Pipeline->Illuminate\Pipeline\{closure}(Object(Illuminate\Http\Request))
#44 /var/www/html/laravel/afyatele_amref/vendor/laravel/framework/src/Illuminate/Foundation/Http/Middleware/TransformsRequest.php(31): Illuminate\Routing\Pipeline->Illuminate\Routing\{closure}(Object(Illuminate\Http\Request))
#45 /var/www/html/laravel/afyatele_amref/vendor/laravel/framework/src/Illuminate/Pipeline/Pipeline.php(151): Illuminate\Foundation\Http\Middleware\TransformsRequest->handle(Object(Illuminate\Http\Request), Object(Closure))
#46 /var/www/html/laravel/afyatele_amref/vendor/laravel/framework/src/Illuminate/Routing/Pipeline.php(53): Illuminate\Pipeline\Pipeline->Illuminate\Pipeline\{closure}(Object(Illuminate\Http\Request))
#47 /var/www/html/laravel/afyatele_amref/vendor/laravel/framework/src/Illuminate/Foundation/Http/Middleware/TransformsRequest.php(31): Illuminate\Routing\Pipeline->Illuminate\Routing\{closure}(Object(Illuminate\Http\Request))
#48 /var/www/html/laravel/afyatele_amref/vendor/laravel/framework/src/Illuminate/Pipeline/Pipeline.php(151): Illuminate\Foundation\Http\Middleware\TransformsRequest->handle(Object(Illuminate\Http\Request), Object(Closure))
#49 /var/www/html/laravel/afyatele_amref/vendor/laravel/framework/src/Illuminate/Routing/Pipeline.php(53): Illuminate\Pipeline\Pipeline->Illuminate\Pipeline\{closure}(Object(Illuminate\Http\Request))
#50 /var/www/html/laravel/afyatele_amref/vendor/laravel/framework/src/Illuminate/Foundation/Http/Middleware/ValidatePostSize.php(27): Illuminate\Routing\Pipeline->Illuminate\Routing\{closure}(Object(Illuminate\Http\Request))
#51 /var/www/html/laravel/afyatele_amref/vendor/laravel/framework/src/Illuminate/Pipeline/Pipeline.php(151): Illuminate\Foundation\Http\Middleware\ValidatePostSize->handle(Object(Illuminate\Http\Request), Object(Closure))
#52 /var/www/html/laravel/afyatele_amref/vendor/laravel/framework/src/Illuminate/Routing/Pipeline.php(53): Illuminate\Pipeline\Pipeline->Illuminate\Pipeline\{closure}(Object(Illuminate\Http\Request))
#53 /var/www/html/laravel/afyatele_amref/vendor/laravel/framework/src/Illuminate/Foundation/Http/Middleware/CheckForMaintenanceMode.php(62): Illuminate\Routing\Pipeline->Illuminate\Routing\{closure}(Object(Illuminate\Http\Request))
#54 /var/www/html/laravel/afyatele_amref/vendor/laravel/framework/src/Illuminate/Pipeline/Pipeline.php(151): Illuminate\Foundation\Http\Middleware\CheckForMaintenanceMode->handle(Object(Illuminate\Http\Request), Object(Closure))
#55 /var/www/html/laravel/afyatele_amref/vendor/laravel/framework/src/Illuminate/Routing/Pipeline.php(53): Illuminate\Pipeline\Pipeline->Illuminate\Pipeline\{closure}(Object(Illuminate\Http\Request))
#56 /var/www/html/laravel/afyatele_amref/vendor/barryvdh/laravel-cors/src/HandlePreflight.php(29): Illuminate\Routing\Pipeline->Illuminate\Routing\{closure}(Object(Illuminate\Http\Request))
#57 /var/www/html/laravel/afyatele_amref/vendor/laravel/framework/src/Illuminate/Pipeline/Pipeline.php(151): Barryvdh\Cors\HandlePreflight->handle(Object(Illuminate\Http\Request), Object(Closure))
#58 /var/www/html/laravel/afyatele_amref/vendor/laravel/framework/src/Illuminate/Routing/Pipeline.php(53): Illuminate\Pipeline\Pipeline->Illuminate\Pipeline\{closure}(Object(Illuminate\Http\Request))
#59 /var/www/html/laravel/afyatele_amref/vendor/laravel/framework/src/Illuminate/Pipeline/Pipeline.php(104): Illuminate\Routing\Pipeline->Illuminate\Routing\{closure}(Object(Illuminate\Http\Request))
#60 /var/www/html/laravel/afyatele_amref/vendor/laravel/framework/src/Illuminate/Foundation/Http/Kernel.php(151): Illuminate\Pipeline\Pipeline->then(Object(Closure))
#61 /var/www/html/laravel/afyatele_amref/vendor/laravel/framework/src/Illuminate/Foundation/Http/Kernel.php(116): Illuminate\Foundation\Http\Kernel->sendRequestThroughRouter(Object(Illuminate\Http\Request))
#62 /var/www/html/laravel/afyatele_amref/public/index.php(55): Illuminate\Foundation\Http\Kernel->handle(Object(Illuminate\Http\Request))
#63 {main}

Next Illuminate\Database\QueryException: SQLSTATE[42S02]: Base table or view not found: 1146 Table 'tele_consult.practice_product_items' doesn't exist (SQL: select * from `practice_product_items` where `practice_product_items`.`id` = 1 and `practice_product_items`.`deleted_at` is null) in /var/www/html/laravel/afyatele_amref/vendor/laravel/framework/src/Illuminate/Database/Connection.php:664
Stack trace:
#0 /var/www/html/laravel/afyatele_amref/vendor/laravel/framework/src/Illuminate/Database/Connection.php(624): Illuminate\Database\Connection->runQueryCallback('select * from `...', Array, Object(Closure))
#1 /var/www/html/laravel/afyatele_amref/vendor/laravel/framework/src/Illuminate/Database/Connection.php(333): Illuminate\Database\Connection->run('select * from `...', Array, Object(Closure))
#2 /var/www/html/laravel/afyatele_amref/vendor/laravel/framework/src/Illuminate/Database/Query/Builder.php(2062): Illuminate\Database\Connection->select('select * from `...', Array, true)
#3 /var/www/html/laravel/afyatele_amref/vendor/laravel/framework/src/Illuminate/Database/Query/Builder.php(2050): Illuminate\Database\Query\Builder->runSelect()
#4 /var/www/html/laravel/afyatele_amref/vendor/laravel/framework/src/Illuminate/Database/Query/Builder.php(2536): Illuminate\Database\Query\Builder->Illuminate\Database\Query\{closure}()
#5 /var/www/html/laravel/afyatele_amref/vendor/laravel/framework/src/Illuminate/Database/Query/Builder.php(2051): Illuminate\Database\Query\Builder->onceWithColumns(Array, Object(Closure))
#6 /var/www/html/laravel/afyatele_amref/vendor/laravel/framework/src/Illuminate/Database/Eloquent/Builder.php(516): Illuminate\Database\Query\Builder->get(Array)
#7 /var/www/html/laravel/afyatele_amref/vendor/laravel/framework/src/Illuminate/Database/Eloquent/Builder.php(500): Illuminate\Database\Eloquent\Builder->getModels(Array)
#8 /var/www/html/laravel/afyatele_amref/vendor/laravel/framework/src/Illuminate/Database/Eloquent/Relations/Relation.php(155): Illuminate\Database\Eloquent\Builder->get(Array)
#9 /var/www/html/laravel/afyatele_amref/app/Http/Controllers/Api/Product/Stocks/StockController.php(363): Illuminate\Database\Eloquent\Relations\Relation->get()
#10 [internal function]: App\Http\Controllers\Api\Product\Stocks\StockController->barcode(Object(Illuminate\Http\Request))
#11 /var/www/html/laravel/afyatele_amref/vendor/laravel/framework/src/Illuminate/Routing/Controller.php(54): call_user_func_array(Array, Array)
#12 /var/www/html/laravel/afyatele_amref/vendor/laravel/framework/src/Illuminate/Routing/ControllerDispatcher.php(45): Illuminate\Routing\Controller->callAction('barcode', Array)
#13 /var/www/html/laravel/afyatele_amref/vendor/laravel/framework/src/Illuminate/Routing/Route.php(212): Illuminate\Routing\ControllerDispatcher->dispatch(Object(Illuminate\Routing\Route), Object(App\Http\Controllers\Api\Product\Stocks\StockController), 'barcode')
#14 /var/www/html/laravel/afyatele_amref/vendor/laravel/framework/src/Illuminate/Routing/Route.php(169): Illuminate\Routing\Route->runController()
#15 /var/www/html/laravel/afyatele_amref/vendor/laravel/framework/src/Illuminate/Routing/Router.php(682): Illuminate\Routing\Route->run()
#16 /var/www/html/laravel/afyatele_amref/vendor/laravel/framework/src/Illuminate/Routing/Pipeline.php(30): Illuminate\Routing\Router->Illuminate\Routing\{closure}(Object(Illuminate\Http\Request))
#17 /var/www/html/laravel/afyatele_amref/app/Http/Middleware/OriginCors.php(18): Illuminate\Routing\Pipeline->Illuminate\Routing\{closure}(Object(Illuminate\Http\Request))
#18 /var/www/html/laravel/afyatele_amref/vendor/laravel/framework/src/Illuminate/Pipeline/Pipeline.php(151): App\Http\Middleware\OriginCors->handle(Object(Illuminate\Http\Request), Object(Closure))
#19 /var/www/html/laravel/afyatele_amref/vendor/laravel/framework/src/Illuminate/Routing/Pipeline.php(53): Illuminate\Pipeline\Pipeline->Illuminate\Pipeline\{closure}(Object(Illuminate\Http\Request))
#20 /var/www/html/laravel/afyatele_amref/vendor/laravel/framework/src/Illuminate/Routing/Middleware/SubstituteBindings.php(41): Illuminate\Routing\Pipeline->Illuminate\Routing\{closure}(Object(Illuminate\Http\Request))
#21 /var/www/html/laravel/afyatele_amref/vendor/laravel/framework/src/Illuminate/Pipeline/Pipeline.php(151): Illuminate\Routing\Middleware\SubstituteBindings->handle(Object(Illuminate\Http\Request), Object(Closure))
#22 /var/www/html/laravel/afyatele_amref/vendor/laravel/framework/src/Illuminate/Routing/Pipeline.php(53): Illuminate\Pipeline\Pipeline->Illuminate\Pipeline\{closure}(Object(Illuminate\Http\Request))
#23 /var/www/html/laravel/afyatele_amref/vendor/laravel/framework/src/Illuminate/Auth/Middleware/Authenticate.php(43): Illuminate\Routing\Pipeline->Illuminate\Routing\{closure}(Object(Illuminate\Http\Request))
#24 /var/www/html/laravel/afyatele_amref/vendor/laravel/framework/src/Illuminate/Pipeline/Pipeline.php(151): Illuminate\Auth\Middleware\Authenticate->handle(Object(Illuminate\Http\Request), Object(Closure), 'api')
#25 /var/www/html/laravel/afyatele_amref/vendor/laravel/framework/src/Illuminate/Routing/Pipeline.php(53): Illuminate\Pipeline\Pipeline->Illuminate\Pipeline\{closure}(Object(Illuminate\Http\Request))
#26 /var/www/html/laravel/afyatele_amref/vendor/laravel/framework/src/Illuminate/Routing/Middleware/ThrottleRequests.php(58): Illuminate\Routing\Pipeline->Illuminate\Routing\{closure}(Object(Illuminate\Http\Request))
#27 /var/www/html/laravel/afyatele_amref/vendor/laravel/framework/src/Illuminate/Pipeline/Pipeline.php(151): Illuminate\Routing\Middleware\ThrottleRequests->handle(Object(Illuminate\Http\Request), Object(Closure), 60, '1')
#28 /var/www/html/laravel/afyatele_amref/vendor/laravel/framework/src/Illuminate/Routing/Pipeline.php(53): Illuminate\Pipeline\Pipeline->Illuminate\Pipeline\{closure}(Object(Illuminate\Http\Request))
#29 /var/www/html/laravel/afyatele_amref/vendor/laravel/framework/src/Illuminate/Pipeline/Pipeline.php(104): Illuminate\Routing\Pipeline->Illuminate\Routing\{closure}(Object(Illuminate\Http\Request))
#30 /var/www/html/laravel/afyatele_amref/vendor/laravel/framework/src/Illuminate/Routing/Router.php(684): Illuminate\Pipeline\Pipeline->then(Object(Closure))
#31 /var/www/html/laravel/afyatele_amref/vendor/laravel/framework/src/Illuminate/Routing/Router.php(659): Illuminate\Routing\Router->runRouteWithinStack(Object(Illuminate\Routing\Route), Object(Illuminate\Http\Request))
#32 /var/www/html/laravel/afyatele_amref/vendor/laravel/framework/src/Illuminate/Routing/Router.php(625): Illuminate\Routing\Router->runRoute(Object(Illuminate\Http\Request), Object(Illuminate\Routing\Route))
#33 /var/www/html/laravel/afyatele_amref/vendor/laravel/framework/src/Illuminate/Routing/Router.php(614): Illuminate\Routing\Router->dispatchToRoute(Object(Illuminate\Http\Request))
#34 /var/www/html/laravel/afyatele_amref/vendor/laravel/framework/src/Illuminate/Foundation/Http/Kernel.php(176): Illuminate\Routing\Router->dispatch(Object(Illuminate\Http\Request))
#35 /var/www/html/laravel/afyatele_amref/vendor/laravel/framework/src/Illuminate/Routing/Pipeline.php(30): Illuminate\Foundation\Http\Kernel->Illuminate\Foundation\Http\{closure}(Object(Illuminate\Http\Request))
#36 /var/www/html/laravel/afyatele_amref/app/Http/Middleware/OriginCors.php(18): Illuminate\Routing\Pipeline->Illuminate\Routing\{closure}(Object(Illuminate\Http\Request))
#37 /var/www/html/laravel/afyatele_amref/vendor/laravel/framework/src/Illuminate/Pipeline/Pipeline.php(151): App\Http\Middleware\OriginCors->handle(Object(Illuminate\Http\Request), Object(Closure))
#38 /var/www/html/laravel/afyatele_amref/vendor/laravel/framework/src/Illuminate/Routing/Pipeline.php(53): Illuminate\Pipeline\Pipeline->Illuminate\Pipeline\{closure}(Object(Illuminate\Http\Request))
#39 /var/www/html/laravel/afyatele_amref/vendor/fideloper/proxy/src/TrustProxies.php(57): Illuminate\Routing\Pipeline->Illuminate\Routing\{closure}(Object(Illuminate\Http\Request))
#40 /var/www/html/laravel/afyatele_amref/vendor/laravel/framework/src/Illuminate/Pipeline/Pipeline.php(151): Fideloper\Proxy\TrustProxies->handle(Object(Illuminate\Http\Request), Object(Closure))
#41 /var/www/html/laravel/afyatele_amref/vendor/laravel/framework/src/Illuminate/Routing/Pipeline.php(53): Illuminate\Pipeline\Pipeline->Illuminate\Pipeline\{closure}(Object(Illuminate\Http\Request))
#42 /var/www/html/laravel/afyatele_amref/vendor/laravel/framework/src/Illuminate/Foundation/Http/Middleware/TransformsRequest.php(31): Illuminate\Routing\Pipeline->Illuminate\Routing\{closure}(Object(Illuminate\Http\Request))
#43 /var/www/html/laravel/afyatele_amref/vendor/laravel/framework/src/Illuminate/Pipeline/Pipeline.php(151): Illuminate\Foundation\Http\Middleware\TransformsRequest->handle(Object(Illuminate\Http\Request), Object(Closure))
#44 /var/www/html/laravel/afyatele_amref/vendor/laravel/framework/src/Illuminate/Routing/Pipeline.php(53): Illuminate\Pipeline\Pipeline->Illuminate\Pipeline\{closure}(Object(Illuminate\Http\Request))
#45 /var/www/html/laravel/afyatele_amref/vendor/laravel/framework/src/Illuminate/Foundation/Http/Middleware/TransformsRequest.php(31): Illuminate\Routing\Pipeline->Illuminate\Routing\{closure}(Object(Illuminate\Http\Request))
#46 /var/www/html/laravel/afyatele_amref/vendor/laravel/framework/src/Illuminate/Pipeline/Pipeline.php(151): Illuminate\Foundation\Http\Middleware\TransformsRequest->handle(Object(Illuminate\Http\Request), Object(Closure))
#47 /var/www/html/laravel/afyatele_amref/vendor/laravel/framework/src/Illuminate/Routing/Pipeline.php(53): Illuminate\Pipeline\Pipeline->Illuminate\Pipeline\{closure}(Object(Illuminate\Http\Request))
#48 /var/www/html/laravel/afyatele_amref/vendor/laravel/framework/src/Illuminate/Foundation/Http/Middleware/ValidatePostSize.php(27): Illuminate\Routing\Pipeline->Illuminate\Routing\{closure}(Object(Illuminate\Http\Request))
#49 /var/www/html/laravel/afyatele_amref/vendor/laravel/framework/src/Illuminate/Pipeline/Pipeline.php(151): Illuminate\Foundation\Http\Middleware\ValidatePostSize->handle(Object(Illuminate\Http\Request), Object(Closure))
#50 /var/www/html/laravel/afyatele_amref/vendor/laravel/framework/src/Illuminate/Routing/Pipeline.php(53): Illuminate\Pipeline\Pipeline->Illuminate\Pipeline\{closure}(Object(Illuminate\Http\Request))
#51 /var/www/html/laravel/afyatele_amref/vendor/laravel/framework/src/Illuminate/Foundation/Http/Middleware/CheckForMaintenanceMode.php(62): Illuminate\Routing\Pipeline->Illuminate\Routing\{closure}(Object(Illuminate\Http\Request))
#52 /var/www/html/laravel/afyatele_amref/vendor/laravel/framework/src/Illuminate/Pipeline/Pipeline.php(151): Illuminate\Foundation\Http\Middleware\CheckForMaintenanceMode->handle(Object(Illuminate\Http\Request), Object(Closure))
#53 /var/www/html/laravel/afyatele_amref/vendor/laravel/framework/src/Illuminate/Routing/Pipeline.php(53): Illuminate\Pipeline\Pipeline->Illuminate\Pipeline\{closure}(Object(Illuminate\Http\Request))
#54 /var/www/html/laravel/afyatele_amref/vendor/barryvdh/laravel-cors/src/HandlePreflight.php(29): Illuminate\Routing\Pipeline->Illuminate\Routing\{closure}(Object(Illuminate\Http\Request))
#55 /var/www/html/laravel/afyatele_amref/vendor/laravel/framework/src/Illuminate/Pipeline/Pipeline.php(151): Barryvdh\Cors\HandlePreflight->handle(Object(Illuminate\Http\Request), Object(Closure))
#56 /var/www/html/laravel/afyatele_amref/vendor/laravel/framework/src/Illuminate/Routing/Pipeline.php(53): Illuminate\Pipeline\Pipeline->Illuminate\Pipeline\{closure}(Object(Illuminate\Http\Request))
#57 /var/www/html/laravel/afyatele_amref/vendor/laravel/framework/src/Illuminate/Pipeline/Pipeline.php(104): Illuminate\Routing\Pipeline->Illuminate\Routing\{closure}(Object(Illuminate\Http\Request))
#58 /var/www/html/laravel/afyatele_amref/vendor/laravel/framework/src/Illuminate/Foundation/Http/Kernel.php(151): Illuminate\Pipeline\Pipeline->then(Object(Closure))
#59 /var/www/html/laravel/afyatele_amref/vendor/laravel/framework/src/Illuminate/Foundation/Http/Kernel.php(116): Illuminate\Foundation\Http\Kernel->sendRequestThroughRouter(Object(Illuminate\Http\Request))
#60 /var/www/html/laravel/afyatele_amref/public/index.php(55): Illuminate\Foundation\Http\Kernel->handle(Object(Illuminate\Http\Request))
#61 {main}  
[2020-02-10 11:31:30] local.INFO: array (
  'barcode' => '7891000071823',
)  
[2020-02-10 11:31:30] local.INFO: PDOException: SQLSTATE[42S02]: Base table or view not found: 1146 Table 'tele_consult.practice_product_items' doesn't exist in /var/www/html/laravel/afyatele_amref/vendor/laravel/framework/src/Illuminate/Database/Connection.php:326
Stack trace:
#0 /var/www/html/laravel/afyatele_amref/vendor/laravel/framework/src/Illuminate/Database/Connection.php(326): PDO->prepare('select * from `...')
#1 /var/www/html/laravel/afyatele_amref/vendor/laravel/framework/src/Illuminate/Database/Connection.php(657): Illuminate\Database\Connection->Illuminate\Database\{closure}('select * from `...', Array)
#2 /var/www/html/laravel/afyatele_amref/vendor/laravel/framework/src/Illuminate/Database/Connection.php(624): Illuminate\Database\Connection->runQueryCallback('select * from `...', Array, Object(Closure))
#3 /var/www/html/laravel/afyatele_amref/vendor/laravel/framework/src/Illuminate/Database/Connection.php(333): Illuminate\Database\Connection->run('select * from `...', Array, Object(Closure))
#4 /var/www/html/laravel/afyatele_amref/vendor/laravel/framework/src/Illuminate/Database/Query/Builder.php(2062): Illuminate\Database\Connection->select('select * from `...', Array, true)
#5 /var/www/html/laravel/afyatele_amref/vendor/laravel/framework/src/Illuminate/Database/Query/Builder.php(2050): Illuminate\Database\Query\Builder->runSelect()
#6 /var/www/html/laravel/afyatele_amref/vendor/laravel/framework/src/Illuminate/Database/Query/Builder.php(2536): Illuminate\Database\Query\Builder->Illuminate\Database\Query\{closure}()
#7 /var/www/html/laravel/afyatele_amref/vendor/laravel/framework/src/Illuminate/Database/Query/Builder.php(2051): Illuminate\Database\Query\Builder->onceWithColumns(Array, Object(Closure))
#8 /var/www/html/laravel/afyatele_amref/vendor/laravel/framework/src/Illuminate/Database/Eloquent/Builder.php(516): Illuminate\Database\Query\Builder->get(Array)
#9 /var/www/html/laravel/afyatele_amref/vendor/laravel/framework/src/Illuminate/Database/Eloquent/Builder.php(500): Illuminate\Database\Eloquent\Builder->getModels(Array)
#10 /var/www/html/laravel/afyatele_amref/vendor/laravel/framework/src/Illuminate/Database/Eloquent/Relations/Relation.php(155): Illuminate\Database\Eloquent\Builder->get(Array)
#11 /var/www/html/laravel/afyatele_amref/app/Http/Controllers/Api/Product/Stocks/StockController.php(363): Illuminate\Database\Eloquent\Relations\Relation->get()
#12 [internal function]: App\Http\Controllers\Api\Product\Stocks\StockController->barcode(Object(Illuminate\Http\Request))
#13 /var/www/html/laravel/afyatele_amref/vendor/laravel/framework/src/Illuminate/Routing/Controller.php(54): call_user_func_array(Array, Array)
#14 /var/www/html/laravel/afyatele_amref/vendor/laravel/framework/src/Illuminate/Routing/ControllerDispatcher.php(45): Illuminate\Routing\Controller->callAction('barcode', Array)
#15 /var/www/html/laravel/afyatele_amref/vendor/laravel/framework/src/Illuminate/Routing/Route.php(212): Illuminate\Routing\ControllerDispatcher->dispatch(Object(Illuminate\Routing\Route), Object(App\Http\Controllers\Api\Product\Stocks\StockController), 'barcode')
#16 /var/www/html/laravel/afyatele_amref/vendor/laravel/framework/src/Illuminate/Routing/Route.php(169): Illuminate\Routing\Route->runController()
#17 /var/www/html/laravel/afyatele_amref/vendor/laravel/framework/src/Illuminate/Routing/Router.php(682): Illuminate\Routing\Route->run()
#18 /var/www/html/laravel/afyatele_amref/vendor/laravel/framework/src/Illuminate/Routing/Pipeline.php(30): Illuminate\Routing\Router->Illuminate\Routing\{closure}(Object(Illuminate\Http\Request))
#19 /var/www/html/laravel/afyatele_amref/app/Http/Middleware/OriginCors.php(18): Illuminate\Routing\Pipeline->Illuminate\Routing\{closure}(Object(Illuminate\Http\Request))
#20 /var/www/html/laravel/afyatele_amref/vendor/laravel/framework/src/Illuminate/Pipeline/Pipeline.php(151): App\Http\Middleware\OriginCors->handle(Object(Illuminate\Http\Request), Object(Closure))
#21 /var/www/html/laravel/afyatele_amref/vendor/laravel/framework/src/Illuminate/Routing/Pipeline.php(53): Illuminate\Pipeline\Pipeline->Illuminate\Pipeline\{closure}(Object(Illuminate\Http\Request))
#22 /var/www/html/laravel/afyatele_amref/vendor/laravel/framework/src/Illuminate/Routing/Middleware/SubstituteBindings.php(41): Illuminate\Routing\Pipeline->Illuminate\Routing\{closure}(Object(Illuminate\Http\Request))
#23 /var/www/html/laravel/afyatele_amref/vendor/laravel/framework/src/Illuminate/Pipeline/Pipeline.php(151): Illuminate\Routing\Middleware\SubstituteBindings->handle(Object(Illuminate\Http\Request), Object(Closure))
#24 /var/www/html/laravel/afyatele_amref/vendor/laravel/framework/src/Illuminate/Routing/Pipeline.php(53): Illuminate\Pipeline\Pipeline->Illuminate\Pipeline\{closure}(Object(Illuminate\Http\Request))
#25 /var/www/html/laravel/afyatele_amref/vendor/laravel/framework/src/Illuminate/Auth/Middleware/Authenticate.php(43): Illuminate\Routing\Pipeline->Illuminate\Routing\{closure}(Object(Illuminate\Http\Request))
#26 /var/www/html/laravel/afyatele_amref/vendor/laravel/framework/src/Illuminate/Pipeline/Pipeline.php(151): Illuminate\Auth\Middleware\Authenticate->handle(Object(Illuminate\Http\Request), Object(Closure), 'api')
#27 /var/www/html/laravel/afyatele_amref/vendor/laravel/framework/src/Illuminate/Routing/Pipeline.php(53): Illuminate\Pipeline\Pipeline->Illuminate\Pipeline\{closure}(Object(Illuminate\Http\Request))
#28 /var/www/html/laravel/afyatele_amref/vendor/laravel/framework/src/Illuminate/Routing/Middleware/ThrottleRequests.php(58): Illuminate\Routing\Pipeline->Illuminate\Routing\{closure}(Object(Illuminate\Http\Request))
#29 /var/www/html/laravel/afyatele_amref/vendor/laravel/framework/src/Illuminate/Pipeline/Pipeline.php(151): Illuminate\Routing\Middleware\ThrottleRequests->handle(Object(Illuminate\Http\Request), Object(Closure), 60, '1')
#30 /var/www/html/laravel/afyatele_amref/vendor/laravel/framework/src/Illuminate/Routing/Pipeline.php(53): Illuminate\Pipeline\Pipeline->Illuminate\Pipeline\{closure}(Object(Illuminate\Http\Request))
#31 /var/www/html/laravel/afyatele_amref/vendor/laravel/framework/src/Illuminate/Pipeline/Pipeline.php(104): Illuminate\Routing\Pipeline->Illuminate\Routing\{closure}(Object(Illuminate\Http\Request))
#32 /var/www/html/laravel/afyatele_amref/vendor/laravel/framework/src/Illuminate/Routing/Router.php(684): Illuminate\Pipeline\Pipeline->then(Object(Closure))
#33 /var/www/html/laravel/afyatele_amref/vendor/laravel/framework/src/Illuminate/Routing/Router.php(659): Illuminate\Routing\Router->runRouteWithinStack(Object(Illuminate\Routing\Route), Object(Illuminate\Http\Request))
#34 /var/www/html/laravel/afyatele_amref/vendor/laravel/framework/src/Illuminate/Routing/Router.php(625): Illuminate\Routing\Router->runRoute(Object(Illuminate\Http\Request), Object(Illuminate\Routing\Route))
#35 /var/www/html/laravel/afyatele_amref/vendor/laravel/framework/src/Illuminate/Routing/Router.php(614): Illuminate\Routing\Router->dispatchToRoute(Object(Illuminate\Http\Request))
#36 /var/www/html/laravel/afyatele_amref/vendor/laravel/framework/src/Illuminate/Foundation/Http/Kernel.php(176): Illuminate\Routing\Router->dispatch(Object(Illuminate\Http\Request))
#37 /var/www/html/laravel/afyatele_amref/vendor/laravel/framework/src/Illuminate/Routing/Pipeline.php(30): Illuminate\Foundation\Http\Kernel->Illuminate\Foundation\Http\{closure}(Object(Illuminate\Http\Request))
#38 /var/www/html/laravel/afyatele_amref/app/Http/Middleware/OriginCors.php(18): Illuminate\Routing\Pipeline->Illuminate\Routing\{closure}(Object(Illuminate\Http\Request))
#39 /var/www/html/laravel/afyatele_amref/vendor/laravel/framework/src/Illuminate/Pipeline/Pipeline.php(151): App\Http\Middleware\OriginCors->handle(Object(Illuminate\Http\Request), Object(Closure))
#40 /var/www/html/laravel/afyatele_amref/vendor/laravel/framework/src/Illuminate/Routing/Pipeline.php(53): Illuminate\Pipeline\Pipeline->Illuminate\Pipeline\{closure}(Object(Illuminate\Http\Request))
#41 /var/www/html/laravel/afyatele_amref/vendor/fideloper/proxy/src/TrustProxies.php(57): Illuminate\Routing\Pipeline->Illuminate\Routing\{closure}(Object(Illuminate\Http\Request))
#42 /var/www/html/laravel/afyatele_amref/vendor/laravel/framework/src/Illuminate/Pipeline/Pipeline.php(151): Fideloper\Proxy\TrustProxies->handle(Object(Illuminate\Http\Request), Object(Closure))
#43 /var/www/html/laravel/afyatele_amref/vendor/laravel/framework/src/Illuminate/Routing/Pipeline.php(53): Illuminate\Pipeline\Pipeline->Illuminate\Pipeline\{closure}(Object(Illuminate\Http\Request))
#44 /var/www/html/laravel/afyatele_amref/vendor/laravel/framework/src/Illuminate/Foundation/Http/Middleware/TransformsRequest.php(31): Illuminate\Routing\Pipeline->Illuminate\Routing\{closure}(Object(Illuminate\Http\Request))
#45 /var/www/html/laravel/afyatele_amref/vendor/laravel/framework/src/Illuminate/Pipeline/Pipeline.php(151): Illuminate\Foundation\Http\Middleware\TransformsRequest->handle(Object(Illuminate\Http\Request), Object(Closure))
#46 /var/www/html/laravel/afyatele_amref/vendor/laravel/framework/src/Illuminate/Routing/Pipeline.php(53): Illuminate\Pipeline\Pipeline->Illuminate\Pipeline\{closure}(Object(Illuminate\Http\Request))
#47 /var/www/html/laravel/afyatele_amref/vendor/laravel/framework/src/Illuminate/Foundation/Http/Middleware/TransformsRequest.php(31): Illuminate\Routing\Pipeline->Illuminate\Routing\{closure}(Object(Illuminate\Http\Request))
#48 /var/www/html/laravel/afyatele_amref/vendor/laravel/framework/src/Illuminate/Pipeline/Pipeline.php(151): Illuminate\Foundation\Http\Middleware\TransformsRequest->handle(Object(Illuminate\Http\Request), Object(Closure))
#49 /var/www/html/laravel/afyatele_amref/vendor/laravel/framework/src/Illuminate/Routing/Pipeline.php(53): Illuminate\Pipeline\Pipeline->Illuminate\Pipeline\{closure}(Object(Illuminate\Http\Request))
#50 /var/www/html/laravel/afyatele_amref/vendor/laravel/framework/src/Illuminate/Foundation/Http/Middleware/ValidatePostSize.php(27): Illuminate\Routing\Pipeline->Illuminate\Routing\{closure}(Object(Illuminate\Http\Request))
#51 /var/www/html/laravel/afyatele_amref/vendor/laravel/framework/src/Illuminate/Pipeline/Pipeline.php(151): Illuminate\Foundation\Http\Middleware\ValidatePostSize->handle(Object(Illuminate\Http\Request), Object(Closure))
#52 /var/www/html/laravel/afyatele_amref/vendor/laravel/framework/src/Illuminate/Routing/Pipeline.php(53): Illuminate\Pipeline\Pipeline->Illuminate\Pipeline\{closure}(Object(Illuminate\Http\Request))
#53 /var/www/html/laravel/afyatele_amref/vendor/laravel/framework/src/Illuminate/Foundation/Http/Middleware/CheckForMaintenanceMode.php(62): Illuminate\Routing\Pipeline->Illuminate\Routing\{closure}(Object(Illuminate\Http\Request))
#54 /var/www/html/laravel/afyatele_amref/vendor/laravel/framework/src/Illuminate/Pipeline/Pipeline.php(151): Illuminate\Foundation\Http\Middleware\CheckForMaintenanceMode->handle(Object(Illuminate\Http\Request), Object(Closure))
#55 /var/www/html/laravel/afyatele_amref/vendor/laravel/framework/src/Illuminate/Routing/Pipeline.php(53): Illuminate\Pipeline\Pipeline->Illuminate\Pipeline\{closure}(Object(Illuminate\Http\Request))
#56 /var/www/html/laravel/afyatele_amref/vendor/barryvdh/laravel-cors/src/HandlePreflight.php(29): Illuminate\Routing\Pipeline->Illuminate\Routing\{closure}(Object(Illuminate\Http\Request))
#57 /var/www/html/laravel/afyatele_amref/vendor/laravel/framework/src/Illuminate/Pipeline/Pipeline.php(151): Barryvdh\Cors\HandlePreflight->handle(Object(Illuminate\Http\Request), Object(Closure))
#58 /var/www/html/laravel/afyatele_amref/vendor/laravel/framework/src/Illuminate/Routing/Pipeline.php(53): Illuminate\Pipeline\Pipeline->Illuminate\Pipeline\{closure}(Object(Illuminate\Http\Request))
#59 /var/www/html/laravel/afyatele_amref/vendor/laravel/framework/src/Illuminate/Pipeline/Pipeline.php(104): Illuminate\Routing\Pipeline->Illuminate\Routing\{closure}(Object(Illuminate\Http\Request))
#60 /var/www/html/laravel/afyatele_amref/vendor/laravel/framework/src/Illuminate/Foundation/Http/Kernel.php(151): Illuminate\Pipeline\Pipeline->then(Object(Closure))
#61 /var/www/html/laravel/afyatele_amref/vendor/laravel/framework/src/Illuminate/Foundation/Http/Kernel.php(116): Illuminate\Foundation\Http\Kernel->sendRequestThroughRouter(Object(Illuminate\Http\Request))
#62 /var/www/html/laravel/afyatele_amref/public/index.php(55): Illuminate\Foundation\Http\Kernel->handle(Object(Illuminate\Http\Request))
#63 {main}

Next Illuminate\Database\QueryException: SQLSTATE[42S02]: Base table or view not found: 1146 Table 'tele_consult.practice_product_items' doesn't exist (SQL: select * from `practice_product_items` where `practice_product_items`.`id` = 1 and `practice_product_items`.`deleted_at` is null) in /var/www/html/laravel/afyatele_amref/vendor/laravel/framework/src/Illuminate/Database/Connection.php:664
Stack trace:
#0 /var/www/html/laravel/afyatele_amref/vendor/laravel/framework/src/Illuminate/Database/Connection.php(624): Illuminate\Database\Connection->runQueryCallback('select * from `...', Array, Object(Closure))
#1 /var/www/html/laravel/afyatele_amref/vendor/laravel/framework/src/Illuminate/Database/Connection.php(333): Illuminate\Database\Connection->run('select * from `...', Array, Object(Closure))
#2 /var/www/html/laravel/afyatele_amref/vendor/laravel/framework/src/Illuminate/Database/Query/Builder.php(2062): Illuminate\Database\Connection->select('select * from `...', Array, true)
#3 /var/www/html/laravel/afyatele_amref/vendor/laravel/framework/src/Illuminate/Database/Query/Builder.php(2050): Illuminate\Database\Query\Builder->runSelect()
#4 /var/www/html/laravel/afyatele_amref/vendor/laravel/framework/src/Illuminate/Database/Query/Builder.php(2536): Illuminate\Database\Query\Builder->Illuminate\Database\Query\{closure}()
#5 /var/www/html/laravel/afyatele_amref/vendor/laravel/framework/src/Illuminate/Database/Query/Builder.php(2051): Illuminate\Database\Query\Builder->onceWithColumns(Array, Object(Closure))
#6 /var/www/html/laravel/afyatele_amref/vendor/laravel/framework/src/Illuminate/Database/Eloquent/Builder.php(516): Illuminate\Database\Query\Builder->get(Array)
#7 /var/www/html/laravel/afyatele_amref/vendor/laravel/framework/src/Illuminate/Database/Eloquent/Builder.php(500): Illuminate\Database\Eloquent\Builder->getModels(Array)
#8 /var/www/html/laravel/afyatele_amref/vendor/laravel/framework/src/Illuminate/Database/Eloquent/Relations/Relation.php(155): Illuminate\Database\Eloquent\Builder->get(Array)
#9 /var/www/html/laravel/afyatele_amref/app/Http/Controllers/Api/Product/Stocks/StockController.php(363): Illuminate\Database\Eloquent\Relations\Relation->get()
#10 [internal function]: App\Http\Controllers\Api\Product\Stocks\StockController->barcode(Object(Illuminate\Http\Request))
#11 /var/www/html/laravel/afyatele_amref/vendor/laravel/framework/src/Illuminate/Routing/Controller.php(54): call_user_func_array(Array, Array)
#12 /var/www/html/laravel/afyatele_amref/vendor/laravel/framework/src/Illuminate/Routing/ControllerDispatcher.php(45): Illuminate\Routing\Controller->callAction('barcode', Array)
#13 /var/www/html/laravel/afyatele_amref/vendor/laravel/framework/src/Illuminate/Routing/Route.php(212): Illuminate\Routing\ControllerDispatcher->dispatch(Object(Illuminate\Routing\Route), Object(App\Http\Controllers\Api\Product\Stocks\StockController), 'barcode')
#14 /var/www/html/laravel/afyatele_amref/vendor/laravel/framework/src/Illuminate/Routing/Route.php(169): Illuminate\Routing\Route->runController()
#15 /var/www/html/laravel/afyatele_amref/vendor/laravel/framework/src/Illuminate/Routing/Router.php(682): Illuminate\Routing\Route->run()
#16 /var/www/html/laravel/afyatele_amref/vendor/laravel/framework/src/Illuminate/Routing/Pipeline.php(30): Illuminate\Routing\Router->Illuminate\Routing\{closure}(Object(Illuminate\Http\Request))
#17 /var/www/html/laravel/afyatele_amref/app/Http/Middleware/OriginCors.php(18): Illuminate\Routing\Pipeline->Illuminate\Routing\{closure}(Object(Illuminate\Http\Request))
#18 /var/www/html/laravel/afyatele_amref/vendor/laravel/framework/src/Illuminate/Pipeline/Pipeline.php(151): App\Http\Middleware\OriginCors->handle(Object(Illuminate\Http\Request), Object(Closure))
#19 /var/www/html/laravel/afyatele_amref/vendor/laravel/framework/src/Illuminate/Routing/Pipeline.php(53): Illuminate\Pipeline\Pipeline->Illuminate\Pipeline\{closure}(Object(Illuminate\Http\Request))
#20 /var/www/html/laravel/afyatele_amref/vendor/laravel/framework/src/Illuminate/Routing/Middleware/SubstituteBindings.php(41): Illuminate\Routing\Pipeline->Illuminate\Routing\{closure}(Object(Illuminate\Http\Request))
#21 /var/www/html/laravel/afyatele_amref/vendor/laravel/framework/src/Illuminate/Pipeline/Pipeline.php(151): Illuminate\Routing\Middleware\SubstituteBindings->handle(Object(Illuminate\Http\Request), Object(Closure))
#22 /var/www/html/laravel/afyatele_amref/vendor/laravel/framework/src/Illuminate/Routing/Pipeline.php(53): Illuminate\Pipeline\Pipeline->Illuminate\Pipeline\{closure}(Object(Illuminate\Http\Request))
#23 /var/www/html/laravel/afyatele_amref/vendor/laravel/framework/src/Illuminate/Auth/Middleware/Authenticate.php(43): Illuminate\Routing\Pipeline->Illuminate\Routing\{closure}(Object(Illuminate\Http\Request))
#24 /var/www/html/laravel/afyatele_amref/vendor/laravel/framework/src/Illuminate/Pipeline/Pipeline.php(151): Illuminate\Auth\Middleware\Authenticate->handle(Object(Illuminate\Http\Request), Object(Closure), 'api')
#25 /var/www/html/laravel/afyatele_amref/vendor/laravel/framework/src/Illuminate/Routing/Pipeline.php(53): Illuminate\Pipeline\Pipeline->Illuminate\Pipeline\{closure}(Object(Illuminate\Http\Request))
#26 /var/www/html/laravel/afyatele_amref/vendor/laravel/framework/src/Illuminate/Routing/Middleware/ThrottleRequests.php(58): Illuminate\Routing\Pipeline->Illuminate\Routing\{closure}(Object(Illuminate\Http\Request))
#27 /var/www/html/laravel/afyatele_amref/vendor/laravel/framework/src/Illuminate/Pipeline/Pipeline.php(151): Illuminate\Routing\Middleware\ThrottleRequests->handle(Object(Illuminate\Http\Request), Object(Closure), 60, '1')
#28 /var/www/html/laravel/afyatele_amref/vendor/laravel/framework/src/Illuminate/Routing/Pipeline.php(53): Illuminate\Pipeline\Pipeline->Illuminate\Pipeline\{closure}(Object(Illuminate\Http\Request))
#29 /var/www/html/laravel/afyatele_amref/vendor/laravel/framework/src/Illuminate/Pipeline/Pipeline.php(104): Illuminate\Routing\Pipeline->Illuminate\Routing\{closure}(Object(Illuminate\Http\Request))
#30 /var/www/html/laravel/afyatele_amref/vendor/laravel/framework/src/Illuminate/Routing/Router.php(684): Illuminate\Pipeline\Pipeline->then(Object(Closure))
#31 /var/www/html/laravel/afyatele_amref/vendor/laravel/framework/src/Illuminate/Routing/Router.php(659): Illuminate\Routing\Router->runRouteWithinStack(Object(Illuminate\Routing\Route), Object(Illuminate\Http\Request))
#32 /var/www/html/laravel/afyatele_amref/vendor/laravel/framework/src/Illuminate/Routing/Router.php(625): Illuminate\Routing\Router->runRoute(Object(Illuminate\Http\Request), Object(Illuminate\Routing\Route))
#33 /var/www/html/laravel/afyatele_amref/vendor/laravel/framework/src/Illuminate/Routing/Router.php(614): Illuminate\Routing\Router->dispatchToRoute(Object(Illuminate\Http\Request))
#34 /var/www/html/laravel/afyatele_amref/vendor/laravel/framework/src/Illuminate/Foundation/Http/Kernel.php(176): Illuminate\Routing\Router->dispatch(Object(Illuminate\Http\Request))
#35 /var/www/html/laravel/afyatele_amref/vendor/laravel/framework/src/Illuminate/Routing/Pipeline.php(30): Illuminate\Foundation\Http\Kernel->Illuminate\Foundation\Http\{closure}(Object(Illuminate\Http\Request))
#36 /var/www/html/laravel/afyatele_amref/app/Http/Middleware/OriginCors.php(18): Illuminate\Routing\Pipeline->Illuminate\Routing\{closure}(Object(Illuminate\Http\Request))
#37 /var/www/html/laravel/afyatele_amref/vendor/laravel/framework/src/Illuminate/Pipeline/Pipeline.php(151): App\Http\Middleware\OriginCors->handle(Object(Illuminate\Http\Request), Object(Closure))
#38 /var/www/html/laravel/afyatele_amref/vendor/laravel/framework/src/Illuminate/Routing/Pipeline.php(53): Illuminate\Pipeline\Pipeline->Illuminate\Pipeline\{closure}(Object(Illuminate\Http\Request))
#39 /var/www/html/laravel/afyatele_amref/vendor/fideloper/proxy/src/TrustProxies.php(57): Illuminate\Routing\Pipeline->Illuminate\Routing\{closure}(Object(Illuminate\Http\Request))
#40 /var/www/html/laravel/afyatele_amref/vendor/laravel/framework/src/Illuminate/Pipeline/Pipeline.php(151): Fideloper\Proxy\TrustProxies->handle(Object(Illuminate\Http\Request), Object(Closure))
#41 /var/www/html/laravel/afyatele_amref/vendor/laravel/framework/src/Illuminate/Routing/Pipeline.php(53): Illuminate\Pipeline\Pipeline->Illuminate\Pipeline\{closure}(Object(Illuminate\Http\Request))
#42 /var/www/html/laravel/afyatele_amref/vendor/laravel/framework/src/Illuminate/Foundation/Http/Middleware/TransformsRequest.php(31): Illuminate\Routing\Pipeline->Illuminate\Routing\{closure}(Object(Illuminate\Http\Request))
#43 /var/www/html/laravel/afyatele_amref/vendor/laravel/framework/src/Illuminate/Pipeline/Pipeline.php(151): Illuminate\Foundation\Http\Middleware\TransformsRequest->handle(Object(Illuminate\Http\Request), Object(Closure))
#44 /var/www/html/laravel/afyatele_amref/vendor/laravel/framework/src/Illuminate/Routing/Pipeline.php(53): Illuminate\Pipeline\Pipeline->Illuminate\Pipeline\{closure}(Object(Illuminate\Http\Request))
#45 /var/www/html/laravel/afyatele_amref/vendor/laravel/framework/src/Illuminate/Foundation/Http/Middleware/TransformsRequest.php(31): Illuminate\Routing\Pipeline->Illuminate\Routing\{closure}(Object(Illuminate\Http\Request))
#46 /var/www/html/laravel/afyatele_amref/vendor/laravel/framework/src/Illuminate/Pipeline/Pipeline.php(151): Illuminate\Foundation\Http\Middleware\TransformsRequest->handle(Object(Illuminate\Http\Request), Object(Closure))
#47 /var/www/html/laravel/afyatele_amref/vendor/laravel/framework/src/Illuminate/Routing/Pipeline.php(53): Illuminate\Pipeline\Pipeline->Illuminate\Pipeline\{closure}(Object(Illuminate\Http\Request))
#48 /var/www/html/laravel/afyatele_amref/vendor/laravel/framework/src/Illuminate/Foundation/Http/Middleware/ValidatePostSize.php(27): Illuminate\Routing\Pipeline->Illuminate\Routing\{closure}(Object(Illuminate\Http\Request))
#49 /var/www/html/laravel/afyatele_amref/vendor/laravel/framework/src/Illuminate/Pipeline/Pipeline.php(151): Illuminate\Foundation\Http\Middleware\ValidatePostSize->handle(Object(Illuminate\Http\Request), Object(Closure))
#50 /var/www/html/laravel/afyatele_amref/vendor/laravel/framework/src/Illuminate/Routing/Pipeline.php(53): Illuminate\Pipeline\Pipeline->Illuminate\Pipeline\{closure}(Object(Illuminate\Http\Request))
#51 /var/www/html/laravel/afyatele_amref/vendor/laravel/framework/src/Illuminate/Foundation/Http/Middleware/CheckForMaintenanceMode.php(62): Illuminate\Routing\Pipeline->Illuminate\Routing\{closure}(Object(Illuminate\Http\Request))
#52 /var/www/html/laravel/afyatele_amref/vendor/laravel/framework/src/Illuminate/Pipeline/Pipeline.php(151): Illuminate\Foundation\Http\Middleware\CheckForMaintenanceMode->handle(Object(Illuminate\Http\Request), Object(Closure))
#53 /var/www/html/laravel/afyatele_amref/vendor/laravel/framework/src/Illuminate/Routing/Pipeline.php(53): Illuminate\Pipeline\Pipeline->Illuminate\Pipeline\{closure}(Object(Illuminate\Http\Request))
#54 /var/www/html/laravel/afyatele_amref/vendor/barryvdh/laravel-cors/src/HandlePreflight.php(29): Illuminate\Routing\Pipeline->Illuminate\Routing\{closure}(Object(Illuminate\Http\Request))
#55 /var/www/html/laravel/afyatele_amref/vendor/laravel/framework/src/Illuminate/Pipeline/Pipeline.php(151): Barryvdh\Cors\HandlePreflight->handle(Object(Illuminate\Http\Request), Object(Closure))
#56 /var/www/html/laravel/afyatele_amref/vendor/laravel/framework/src/Illuminate/Routing/Pipeline.php(53): Illuminate\Pipeline\Pipeline->Illuminate\Pipeline\{closure}(Object(Illuminate\Http\Request))
#57 /var/www/html/laravel/afyatele_amref/vendor/laravel/framework/src/Illuminate/Pipeline/Pipeline.php(104): Illuminate\Routing\Pipeline->Illuminate\Routing\{closure}(Object(Illuminate\Http\Request))
#58 /var/www/html/laravel/afyatele_amref/vendor/laravel/framework/src/Illuminate/Foundation/Http/Kernel.php(151): Illuminate\Pipeline\Pipeline->then(Object(Closure))
#59 /var/www/html/laravel/afyatele_amref/vendor/laravel/framework/src/Illuminate/Foundation/Http/Kernel.php(116): Illuminate\Foundation\Http\Kernel->sendRequestThroughRouter(Object(Illuminate\Http\Request))
#60 /var/www/html/laravel/afyatele_amref/public/index.php(55): Illuminate\Foundation\Http\Kernel->handle(Object(Illuminate\Http\Request))
#61 {main}  
[2020-02-10 11:36:25] local.INFO: array (
  'barcode' => '7891000071823',
)  
[2020-02-10 11:41:40] local.INFO: array (
  'barcode' => '7891000071823',
)  
[2020-02-10 11:43:55] local.INFO: array (
  'barcode' => '7891000071823',
)  
[2020-02-10 11:47:59] local.INFO: array (
  'barcode' => '7891000071823',
)  
[2020-02-10 11:48:46] local.INFO: array (
  'barcode' => '7891000071823',
)  
[2020-02-10 11:49:09] local.INFO: array (
  'barcode' => '7891000071823',
)  
[2020-02-10 11:50:36] local.INFO: array (
  'facility_id' => '5185a607-8b96-4672-a191-e99a6d154cdc',
  'product_id' => 'b91759b7-47e8-41c6-a69f-79c2b08e858c',
  'barcode' => 'xxcdcscsc',
  'qty' => '60',
  'store_id' => 'xwxwx',
)  
[2020-02-10 11:52:50] local.INFO: array (
  'id' => 'b91759b7-47e8-41c6-a69f-79c2b08e858c',
  'qty' => '60',
)  
[2020-02-10 11:53:47] local.INFO: array (
  'stock_id' => 'b91759b7-47e8-41c6-a69f-79c2b08e858c',
  'qty' => '60',
)  
[2020-02-10 12:15:19] local.INFO: array (
  'barcode' => '7891000071823',
)  
[2020-02-10 12:17:15] local.INFO: array (
  'qty' => '60',
  'stock_id' => 'b91759b7-47e8-41c6-a69f-79c2b08e858c',
)  
[2020-02-10 12:21:08] local.INFO: array (
  'qty' => '60',
  'stock_id' => 'b91759b7-47e8-41c6-a69f-79c2b08e858c',
)  
[2020-02-10 12:21:08] local.ERROR: Argument 1 passed to App\Mobile\Repository\MobileRepository::transformUser() must be an instance of App\Models\Users\User, null given, called in /var/www/html/laravel/afyatele_amref/app/Http/Controllers/Api/Product/Stocks/StockController.php on line 306 {"userId":2,"email":"master@amref.com","exception":"[object] (Symfony\\Component\\Debug\\Exception\\FatalThrowableError(code: 0): Argument 1 passed to App\\Mobile\\Repository\\MobileRepository::transformUser() must be an instance of App\\Models\\Users\\User, null given, called in /var/www/html/laravel/afyatele_amref/app/Http/Controllers/Api/Product/Stocks/StockController.php on line 306 at /var/www/html/laravel/afyatele_amref/app/Mobile/Repository/MobileRepository.php:27)
[stacktrace]
#0 /var/www/html/laravel/afyatele_amref/app/Http/Controllers/Api/Product/Stocks/StockController.php(306): App\\Mobile\\Repository\\MobileRepository->transformUser(NULL)
#1 [internal function]: App\\Http\\Controllers\\Api\\Product\\Stocks\\StockController->stock_taking(Object(Illuminate\\Http\\Request))
#2 /var/www/html/laravel/afyatele_amref/vendor/laravel/framework/src/Illuminate/Routing/Controller.php(54): call_user_func_array(Array, Array)
#3 /var/www/html/laravel/afyatele_amref/vendor/laravel/framework/src/Illuminate/Routing/ControllerDispatcher.php(45): Illuminate\\Routing\\Controller->callAction('stock_taking', Array)
#4 /var/www/html/laravel/afyatele_amref/vendor/laravel/framework/src/Illuminate/Routing/Route.php(212): Illuminate\\Routing\\ControllerDispatcher->dispatch(Object(Illuminate\\Routing\\Route), Object(App\\Http\\Controllers\\Api\\Product\\Stocks\\StockController), 'stock_taking')
#5 /var/www/html/laravel/afyatele_amref/vendor/laravel/framework/src/Illuminate/Routing/Route.php(169): Illuminate\\Routing\\Route->runController()
#6 /var/www/html/laravel/afyatele_amref/vendor/laravel/framework/src/Illuminate/Routing/Router.php(682): Illuminate\\Routing\\Route->run()
#7 /var/www/html/laravel/afyatele_amref/vendor/laravel/framework/src/Illuminate/Routing/Pipeline.php(30): Illuminate\\Routing\\Router->Illuminate\\Routing\\{closure}(Object(Illuminate\\Http\\Request))
#8 /var/www/html/laravel/afyatele_amref/app/Http/Middleware/OriginCors.php(18): Illuminate\\Routing\\Pipeline->Illuminate\\Routing\\{closure}(Object(Illuminate\\Http\\Request))
#9 /var/www/html/laravel/afyatele_amref/vendor/laravel/framework/src/Illuminate/Pipeline/Pipeline.php(151): App\\Http\\Middleware\\OriginCors->handle(Object(Illuminate\\Http\\Request), Object(Closure))
#10 /var/www/html/laravel/afyatele_amref/vendor/laravel/framework/src/Illuminate/Routing/Pipeline.php(53): Illuminate\\Pipeline\\Pipeline->Illuminate\\Pipeline\\{closure}(Object(Illuminate\\Http\\Request))
#11 /var/www/html/laravel/afyatele_amref/vendor/laravel/framework/src/Illuminate/Routing/Middleware/SubstituteBindings.php(41): Illuminate\\Routing\\Pipeline->Illuminate\\Routing\\{closure}(Object(Illuminate\\Http\\Request))
#12 /var/www/html/laravel/afyatele_amref/vendor/laravel/framework/src/Illuminate/Pipeline/Pipeline.php(151): Illuminate\\Routing\\Middleware\\SubstituteBindings->handle(Object(Illuminate\\Http\\Request), Object(Closure))
#13 /var/www/html/laravel/afyatele_amref/vendor/laravel/framework/src/Illuminate/Routing/Pipeline.php(53): Illuminate\\Pipeline\\Pipeline->Illuminate\\Pipeline\\{closure}(Object(Illuminate\\Http\\Request))
#14 /var/www/html/laravel/afyatele_amref/vendor/laravel/framework/src/Illuminate/Auth/Middleware/Authenticate.php(43): Illuminate\\Routing\\Pipeline->Illuminate\\Routing\\{closure}(Object(Illuminate\\Http\\Request))
#15 /var/www/html/laravel/afyatele_amref/vendor/laravel/framework/src/Illuminate/Pipeline/Pipeline.php(151): Illuminate\\Auth\\Middleware\\Authenticate->handle(Object(Illuminate\\Http\\Request), Object(Closure), 'api')
#16 /var/www/html/laravel/afyatele_amref/vendor/laravel/framework/src/Illuminate/Routing/Pipeline.php(53): Illuminate\\Pipeline\\Pipeline->Illuminate\\Pipeline\\{closure}(Object(Illuminate\\Http\\Request))
#17 /var/www/html/laravel/afyatele_amref/vendor/laravel/framework/src/Illuminate/Routing/Middleware/ThrottleRequests.php(58): Illuminate\\Routing\\Pipeline->Illuminate\\Routing\\{closure}(Object(Illuminate\\Http\\Request))
#18 /var/www/html/laravel/afyatele_amref/vendor/laravel/framework/src/Illuminate/Pipeline/Pipeline.php(151): Illuminate\\Routing\\Middleware\\ThrottleRequests->handle(Object(Illuminate\\Http\\Request), Object(Closure), 60, '1')
#19 /var/www/html/laravel/afyatele_amref/vendor/laravel/framework/src/Illuminate/Routing/Pipeline.php(53): Illuminate\\Pipeline\\Pipeline->Illuminate\\Pipeline\\{closure}(Object(Illuminate\\Http\\Request))
#20 /var/www/html/laravel/afyatele_amref/vendor/laravel/framework/src/Illuminate/Pipeline/Pipeline.php(104): Illuminate\\Routing\\Pipeline->Illuminate\\Routing\\{closure}(Object(Illuminate\\Http\\Request))
#21 /var/www/html/laravel/afyatele_amref/vendor/laravel/framework/src/Illuminate/Routing/Router.php(684): Illuminate\\Pipeline\\Pipeline->then(Object(Closure))
#22 /var/www/html/laravel/afyatele_amref/vendor/laravel/framework/src/Illuminate/Routing/Router.php(659): Illuminate\\Routing\\Router->runRouteWithinStack(Object(Illuminate\\Routing\\Route), Object(Illuminate\\Http\\Request))
#23 /var/www/html/laravel/afyatele_amref/vendor/laravel/framework/src/Illuminate/Routing/Router.php(625): Illuminate\\Routing\\Router->runRoute(Object(Illuminate\\Http\\Request), Object(Illuminate\\Routing\\Route))
#24 /var/www/html/laravel/afyatele_amref/vendor/laravel/framework/src/Illuminate/Routing/Router.php(614): Illuminate\\Routing\\Router->dispatchToRoute(Object(Illuminate\\Http\\Request))
#25 /var/www/html/laravel/afyatele_amref/vendor/laravel/framework/src/Illuminate/Foundation/Http/Kernel.php(176): Illuminate\\Routing\\Router->dispatch(Object(Illuminate\\Http\\Request))
#26 /var/www/html/laravel/afyatele_amref/vendor/laravel/framework/src/Illuminate/Routing/Pipeline.php(30): Illuminate\\Foundation\\Http\\Kernel->Illuminate\\Foundation\\Http\\{closure}(Object(Illuminate\\Http\\Request))
#27 /var/www/html/laravel/afyatele_amref/app/Http/Middleware/OriginCors.php(18): Illuminate\\Routing\\Pipeline->Illuminate\\Routing\\{closure}(Object(Illuminate\\Http\\Request))
#28 /var/www/html/laravel/afyatele_amref/vendor/laravel/framework/src/Illuminate/Pipeline/Pipeline.php(151): App\\Http\\Middleware\\OriginCors->handle(Object(Illuminate\\Http\\Request), Object(Closure))
#29 /var/www/html/laravel/afyatele_amref/vendor/laravel/framework/src/Illuminate/Routing/Pipeline.php(53): Illuminate\\Pipeline\\Pipeline->Illuminate\\Pipeline\\{closure}(Object(Illuminate\\Http\\Request))
#30 /var/www/html/laravel/afyatele_amref/vendor/fideloper/proxy/src/TrustProxies.php(57): Illuminate\\Routing\\Pipeline->Illuminate\\Routing\\{closure}(Object(Illuminate\\Http\\Request))
#31 /var/www/html/laravel/afyatele_amref/vendor/laravel/framework/src/Illuminate/Pipeline/Pipeline.php(151): Fideloper\\Proxy\\TrustProxies->handle(Object(Illuminate\\Http\\Request), Object(Closure))
#32 /var/www/html/laravel/afyatele_amref/vendor/laravel/framework/src/Illuminate/Routing/Pipeline.php(53): Illuminate\\Pipeline\\Pipeline->Illuminate\\Pipeline\\{closure}(Object(Illuminate\\Http\\Request))
#33 /var/www/html/laravel/afyatele_amref/vendor/laravel/framework/src/Illuminate/Foundation/Http/Middleware/TransformsRequest.php(31): Illuminate\\Routing\\Pipeline->Illuminate\\Routing\\{closure}(Object(Illuminate\\Http\\Request))
#34 /var/www/html/laravel/afyatele_amref/vendor/laravel/framework/src/Illuminate/Pipeline/Pipeline.php(151): Illuminate\\Foundation\\Http\\Middleware\\TransformsRequest->handle(Object(Illuminate\\Http\\Request), Object(Closure))
#35 /var/www/html/laravel/afyatele_amref/vendor/laravel/framework/src/Illuminate/Routing/Pipeline.php(53): Illuminate\\Pipeline\\Pipeline->Illuminate\\Pipeline\\{closure}(Object(Illuminate\\Http\\Request))
#36 /var/www/html/laravel/afyatele_amref/vendor/laravel/framework/src/Illuminate/Foundation/Http/Middleware/TransformsRequest.php(31): Illuminate\\Routing\\Pipeline->Illuminate\\Routing\\{closure}(Object(Illuminate\\Http\\Request))
#37 /var/www/html/laravel/afyatele_amref/vendor/laravel/framework/src/Illuminate/Pipeline/Pipeline.php(151): Illuminate\\Foundation\\Http\\Middleware\\TransformsRequest->handle(Object(Illuminate\\Http\\Request), Object(Closure))
#38 /var/www/html/laravel/afyatele_amref/vendor/laravel/framework/src/Illuminate/Routing/Pipeline.php(53): Illuminate\\Pipeline\\Pipeline->Illuminate\\Pipeline\\{closure}(Object(Illuminate\\Http\\Request))
#39 /var/www/html/laravel/afyatele_amref/vendor/laravel/framework/src/Illuminate/Foundation/Http/Middleware/ValidatePostSize.php(27): Illuminate\\Routing\\Pipeline->Illuminate\\Routing\\{closure}(Object(Illuminate\\Http\\Request))
#40 /var/www/html/laravel/afyatele_amref/vendor/laravel/framework/src/Illuminate/Pipeline/Pipeline.php(151): Illuminate\\Foundation\\Http\\Middleware\\ValidatePostSize->handle(Object(Illuminate\\Http\\Request), Object(Closure))
#41 /var/www/html/laravel/afyatele_amref/vendor/laravel/framework/src/Illuminate/Routing/Pipeline.php(53): Illuminate\\Pipeline\\Pipeline->Illuminate\\Pipeline\\{closure}(Object(Illuminate\\Http\\Request))
#42 /var/www/html/laravel/afyatele_amref/vendor/laravel/framework/src/Illuminate/Foundation/Http/Middleware/CheckForMaintenanceMode.php(62): Illuminate\\Routing\\Pipeline->Illuminate\\Routing\\{closure}(Object(Illuminate\\Http\\Request))
#43 /var/www/html/laravel/afyatele_amref/vendor/laravel/framework/src/Illuminate/Pipeline/Pipeline.php(151): Illuminate\\Foundation\\Http\\Middleware\\CheckForMaintenanceMode->handle(Object(Illuminate\\Http\\Request), Object(Closure))
#44 /var/www/html/laravel/afyatele_amref/vendor/laravel/framework/src/Illuminate/Routing/Pipeline.php(53): Illuminate\\Pipeline\\Pipeline->Illuminate\\Pipeline\\{closure}(Object(Illuminate\\Http\\Request))
#45 /var/www/html/laravel/afyatele_amref/vendor/barryvdh/laravel-cors/src/HandlePreflight.php(29): Illuminate\\Routing\\Pipeline->Illuminate\\Routing\\{closure}(Object(Illuminate\\Http\\Request))
#46 /var/www/html/laravel/afyatele_amref/vendor/laravel/framework/src/Illuminate/Pipeline/Pipeline.php(151): Barryvdh\\Cors\\HandlePreflight->handle(Object(Illuminate\\Http\\Request), Object(Closure))
#47 /var/www/html/laravel/afyatele_amref/vendor/laravel/framework/src/Illuminate/Routing/Pipeline.php(53): Illuminate\\Pipeline\\Pipeline->Illuminate\\Pipeline\\{closure}(Object(Illuminate\\Http\\Request))
#48 /var/www/html/laravel/afyatele_amref/vendor/laravel/framework/src/Illuminate/Pipeline/Pipeline.php(104): Illuminate\\Routing\\Pipeline->Illuminate\\Routing\\{closure}(Object(Illuminate\\Http\\Request))
#49 /var/www/html/laravel/afyatele_amref/vendor/laravel/framework/src/Illuminate/Foundation/Http/Kernel.php(151): Illuminate\\Pipeline\\Pipeline->then(Object(Closure))
#50 /var/www/html/laravel/afyatele_amref/vendor/laravel/framework/src/Illuminate/Foundation/Http/Kernel.php(116): Illuminate\\Foundation\\Http\\Kernel->sendRequestThroughRouter(Object(Illuminate\\Http\\Request))
#51 /var/www/html/laravel/afyatele_amref/public/index.php(55): Illuminate\\Foundation\\Http\\Kernel->handle(Object(Illuminate\\Http\\Request))
#52 {main}
"} 
